<?xml version="1.0" encoding="UTF-8"?>
<coverage generated="1742745047838" clover="3.2.0">
  <project timestamp="1742745047838" name="All files">
    <metrics statements="14" coveredstatements="6" conditionals="0" coveredconditionals="0" methods="1" coveredmethods="0" elements="15" coveredelements="6" complexity="0" loc="14" ncloc="14" packages="1" files="1" classes="1"/>
    <file name="script.js" path="C:\Users\1\OneDrive\Рабочий стол\Otus\КУРС JS BASIC\8_weather_forecast\src\script.js">
      <metrics statements="14" coveredstatements="6" conditionals="0" coveredconditionals="0" methods="1" coveredmethods="0"/>
      <line num="1" count="1" type="stmt"/>
      <line num="2" count="1" type="stmt"/>
      <line num="3" count="1" type="stmt"/>
      <line num="4" count="1" type="stmt"/>
      <line num="5" count="1" type="stmt"/>
      <line num="6" count="0" type="stmt"/>
      <line num="7" count="0" type="stmt"/>
      <line num="8" count="0" type="stmt"/>
      <line num="9" count="0" type="stmt"/>
      <line num="10" count="0" type="stmt"/>
      <line num="11" count="0" type="stmt"/>
      <line num="12" count="0" type="stmt"/>
      <line num="13" count="0" type="stmt"/>
      <line num="14" count="1" type="stmt"/>
    </file>
  </project>
</coverage>
