{"C:\\Users\\1\\OneDrive\\Рабочий стол\\Otus\\КУРС JS BASIC\\8_weather_forecast\\src\\events.js": {"path":"C:\\Users\\1\\OneDrive\\Рабочий стол\\Otus\\КУРС JS BASIC\\8_weather_forecast\\src\\events.js","all":false,"statementMap":{"0":{"start":{"line":1,"column":0},"end":{"line":1,"column":78}},"1":{"start":{"line":2,"column":0},"end":{"line":2,"column":0}},"2":{"start":{"line":3,"column":0},"end":{"line":3,"column":40}},"3":{"start":{"line":4,"column":0},"end":{"line":4,"column":43}},"4":{"start":{"line":5,"column":0},"end":{"line":5,"column":24}},"5":{"start":{"line":6,"column":0},"end":{"line":6,"column":0}},"6":{"start":{"line":7,"column":0},"end":{"line":7,"column":52}},"7":{"start":{"line":8,"column":0},"end":{"line":8,"column":42}},"8":{"start":{"line":9,"column":0},"end":{"line":9,"column":0}},"9":{"start":{"line":10,"column":0},"end":{"line":10,"column":22}},"10":{"start":{"line":11,"column":0},"end":{"line":11,"column":0}},"11":{"start":{"line":12,"column":0},"end":{"line":12,"column":64}},"12":{"start":{"line":13,"column":0},"end":{"line":13,"column":27}},"13":{"start":{"line":14,"column":0},"end":{"line":14,"column":5}},"14":{"start":{"line":15,"column":0},"end":{"line":15,"column":1}},"15":{"start":{"line":16,"column":0},"end":{"line":16,"column":0}},"16":{"start":{"line":17,"column":0},"end":{"line":17,"column":27}},"17":{"start":{"line":18,"column":0},"end":{"line":18,"column":80}},"18":{"start":{"line":19,"column":0},"end":{"line":19,"column":0}},"19":{"start":{"line":20,"column":0},"end":{"line":20,"column":55}},"20":{"start":{"line":21,"column":0},"end":{"line":21,"column":0}},"21":{"start":{"line":22,"column":0},"end":{"line":22,"column":33}},"22":{"start":{"line":23,"column":0},"end":{"line":23,"column":0}},"23":{"start":{"line":24,"column":0},"end":{"line":24,"column":20}},"24":{"start":{"line":25,"column":0},"end":{"line":25,"column":38}},"25":{"start":{"line":26,"column":0},"end":{"line":26,"column":11}},"26":{"start":{"line":27,"column":0},"end":{"line":27,"column":1}},"27":{"start":{"line":28,"column":0},"end":{"line":28,"column":0}},"28":{"start":{"line":29,"column":0},"end":{"line":29,"column":33}},"29":{"start":{"line":30,"column":0},"end":{"line":30,"column":0}},"30":{"start":{"line":31,"column":0},"end":{"line":31,"column":31}},"31":{"start":{"line":32,"column":0},"end":{"line":32,"column":60}},"32":{"start":{"line":33,"column":0},"end":{"line":33,"column":1}},"33":{"start":{"line":34,"column":0},"end":{"line":34,"column":0}},"34":{"start":{"line":35,"column":0},"end":{"line":35,"column":38}},"35":{"start":{"line":36,"column":0},"end":{"line":36,"column":60}},"36":{"start":{"line":37,"column":0},"end":{"line":37,"column":1}},"37":{"start":{"line":38,"column":0},"end":{"line":38,"column":0}},"38":{"start":{"line":39,"column":0},"end":{"line":39,"column":37}},"39":{"start":{"line":40,"column":0},"end":{"line":40,"column":55}},"40":{"start":{"line":41,"column":0},"end":{"line":41,"column":30}},"41":{"start":{"line":42,"column":0},"end":{"line":42,"column":0}},"42":{"start":{"line":43,"column":0},"end":{"line":43,"column":25}},"43":{"start":{"line":44,"column":0},"end":{"line":44,"column":0}},"44":{"start":{"line":45,"column":0},"end":{"line":45,"column":27}},"45":{"start":{"line":46,"column":0},"end":{"line":46,"column":32}},"46":{"start":{"line":47,"column":0},"end":{"line":47,"column":44}},"47":{"start":{"line":48,"column":0},"end":{"line":48,"column":17}},"48":{"start":{"line":49,"column":0},"end":{"line":49,"column":48}},"49":{"start":{"line":50,"column":0},"end":{"line":50,"column":5}},"50":{"start":{"line":51,"column":0},"end":{"line":51,"column":3}},"51":{"start":{"line":52,"column":0},"end":{"line":52,"column":0}},"52":{"start":{"line":53,"column":0},"end":{"line":53,"column":38}},"53":{"start":{"line":54,"column":0},"end":{"line":54,"column":24}},"54":{"start":{"line":55,"column":0},"end":{"line":55,"column":34}},"55":{"start":{"line":56,"column":0},"end":{"line":56,"column":46}},"56":{"start":{"line":57,"column":0},"end":{"line":57,"column":28}},"57":{"start":{"line":58,"column":0},"end":{"line":58,"column":0}},"58":{"start":{"line":59,"column":0},"end":{"line":59,"column":46}},"59":{"start":{"line":60,"column":0},"end":{"line":60,"column":35}},"60":{"start":{"line":61,"column":0},"end":{"line":61,"column":35}},"61":{"start":{"line":62,"column":0},"end":{"line":62,"column":9}},"62":{"start":{"line":63,"column":0},"end":{"line":63,"column":0}},"63":{"start":{"line":64,"column":0},"end":{"line":64,"column":45}},"64":{"start":{"line":65,"column":0},"end":{"line":65,"column":35}},"65":{"start":{"line":66,"column":0},"end":{"line":66,"column":35}},"66":{"start":{"line":67,"column":0},"end":{"line":67,"column":9}},"67":{"start":{"line":68,"column":0},"end":{"line":68,"column":0}},"68":{"start":{"line":69,"column":0},"end":{"line":69,"column":42}},"69":{"start":{"line":70,"column":0},"end":{"line":70,"column":36}},"70":{"start":{"line":71,"column":0},"end":{"line":71,"column":9}},"71":{"start":{"line":72,"column":0},"end":{"line":72,"column":0}},"72":{"start":{"line":73,"column":0},"end":{"line":73,"column":27}},"73":{"start":{"line":74,"column":0},"end":{"line":74,"column":7}},"74":{"start":{"line":75,"column":0},"end":{"line":75,"column":3}},"75":{"start":{"line":76,"column":0},"end":{"line":76,"column":0}},"76":{"start":{"line":77,"column":0},"end":{"line":77,"column":48}},"77":{"start":{"line":78,"column":0},"end":{"line":78,"column":72}},"78":{"start":{"line":79,"column":0},"end":{"line":79,"column":8}},"79":{"start":{"line":80,"column":0},"end":{"line":80,"column":29}},"80":{"start":{"line":81,"column":0},"end":{"line":81,"column":56}},"81":{"start":{"line":82,"column":0},"end":{"line":82,"column":35}},"82":{"start":{"line":83,"column":0},"end":{"line":83,"column":0}},"83":{"start":{"line":84,"column":0},"end":{"line":84,"column":9}},"84":{"start":{"line":85,"column":0},"end":{"line":85,"column":44}},"85":{"start":{"line":86,"column":0},"end":{"line":86,"column":59}},"86":{"start":{"line":87,"column":0},"end":{"line":87,"column":29}},"87":{"start":{"line":88,"column":0},"end":{"line":88,"column":44}},"88":{"start":{"line":89,"column":0},"end":{"line":89,"column":46}},"89":{"start":{"line":90,"column":0},"end":{"line":90,"column":19}},"90":{"start":{"line":91,"column":0},"end":{"line":91,"column":65}},"91":{"start":{"line":92,"column":0},"end":{"line":92,"column":38}},"92":{"start":{"line":93,"column":0},"end":{"line":93,"column":5}},"93":{"start":{"line":94,"column":0},"end":{"line":94,"column":3}},"94":{"start":{"line":95,"column":0},"end":{"line":95,"column":1}},"95":{"start":{"line":96,"column":0},"end":{"line":96,"column":31}},"96":{"start":{"line":97,"column":0},"end":{"line":97,"column":30}},"97":{"start":{"line":98,"column":0},"end":{"line":98,"column":66}},"98":{"start":{"line":99,"column":0},"end":{"line":99,"column":43}},"99":{"start":{"line":100,"column":0},"end":{"line":100,"column":44}},"100":{"start":{"line":101,"column":0},"end":{"line":101,"column":122}},"101":{"start":{"line":102,"column":0},"end":{"line":102,"column":43}},"102":{"start":{"line":103,"column":0},"end":{"line":103,"column":36}},"103":{"start":{"line":104,"column":0},"end":{"line":104,"column":43}},"104":{"start":{"line":105,"column":0},"end":{"line":105,"column":65}},"105":{"start":{"line":106,"column":0},"end":{"line":106,"column":41}},"106":{"start":{"line":107,"column":0},"end":{"line":107,"column":43}},"107":{"start":{"line":108,"column":0},"end":{"line":108,"column":7}},"108":{"start":{"line":109,"column":0},"end":{"line":109,"column":7}},"109":{"start":{"line":110,"column":0},"end":{"line":110,"column":3}},"110":{"start":{"line":111,"column":0},"end":{"line":111,"column":1}},"111":{"start":{"line":112,"column":0},"end":{"line":112,"column":0}},"112":{"start":{"line":113,"column":0},"end":{"line":113,"column":34}},"113":{"start":{"line":114,"column":0},"end":{"line":114,"column":51}},"114":{"start":{"line":115,"column":0},"end":{"line":115,"column":55}},"115":{"start":{"line":116,"column":0},"end":{"line":116,"column":0}},"116":{"start":{"line":117,"column":0},"end":{"line":117,"column":42}},"117":{"start":{"line":118,"column":0},"end":{"line":118,"column":38}},"118":{"start":{"line":119,"column":0},"end":{"line":119,"column":34}},"119":{"start":{"line":120,"column":0},"end":{"line":120,"column":5}},"120":{"start":{"line":121,"column":0},"end":{"line":121,"column":1}}},"s":{"0":1,"1":1,"2":1,"3":1,"4":1,"5":1,"6":1,"7":1,"8":1,"9":1,"10":1,"11":1,"12":1,"13":1,"14":1,"15":1,"16":1,"17":0,"18":0,"19":0,"20":0,"21":0,"22":0,"23":0,"24":0,"25":0,"26":0,"27":1,"28":1,"29":1,"30":1,"31":4,"32":4,"33":1,"34":1,"35":1,"36":1,"37":1,"38":1,"39":2,"40":2,"41":2,"42":2,"43":2,"44":2,"45":2,"46":2,"47":2,"48":2,"49":2,"50":2,"51":2,"52":2,"53":2,"54":2,"55":3,"56":3,"57":3,"58":3,"59":0,"60":0,"61":3,"62":3,"63":3,"64":0,"65":0,"66":3,"67":3,"68":3,"69":1,"70":3,"71":3,"72":3,"73":2,"74":2,"75":2,"76":2,"77":3,"78":3,"79":3,"80":3,"81":3,"82":3,"83":3,"84":3,"85":3,"86":3,"87":3,"88":3,"89":3,"90":0,"91":0,"92":0,"93":3,"94":2,"95":1,"96":1,"97":1,"98":1,"99":1,"100":1,"101":1,"102":1,"103":1,"104":1,"105":1,"106":1,"107":1,"108":1,"109":1,"110":1,"111":1,"112":1,"113":0,"114":0,"115":0,"116":0,"117":0,"118":0,"119":0,"120":0},"branchMap":{"0":{"type":"branch","line":3,"loc":{"start":{"line":3,"column":7},"end":{"line":15,"column":1}},"locations":[{"start":{"line":3,"column":7},"end":{"line":15,"column":1}}]},"1":{"type":"branch","line":4,"loc":{"start":{"line":4,"column":35},"end":{"line":14,"column":3}},"locations":[{"start":{"line":4,"column":35},"end":{"line":14,"column":3}}]},"2":{"type":"branch","line":10,"loc":{"start":{"line":10,"column":15},"end":{"line":10,"column":22}},"locations":[{"start":{"line":10,"column":15},"end":{"line":10,"column":22}}]},"3":{"type":"branch","line":31,"loc":{"start":{"line":31,"column":7},"end":{"line":33,"column":1}},"locations":[{"start":{"line":31,"column":7},"end":{"line":33,"column":1}}]},"4":{"type":"branch","line":32,"loc":{"start":{"line":32,"column":53},"end":{"line":32,"column":59}},"locations":[{"start":{"line":32,"column":53},"end":{"line":32,"column":59}}]},"5":{"type":"branch","line":35,"loc":{"start":{"line":35,"column":7},"end":{"line":37,"column":1}},"locations":[{"start":{"line":35,"column":7},"end":{"line":37,"column":1}}]},"6":{"type":"branch","line":39,"loc":{"start":{"line":39,"column":7},"end":{"line":95,"column":1}},"locations":[{"start":{"line":39,"column":7},"end":{"line":95,"column":1}}]},"7":{"type":"branch","line":53,"loc":{"start":{"line":53,"column":2},"end":{"line":75,"column":3}},"locations":[{"start":{"line":53,"column":2},"end":{"line":75,"column":3}}]},"8":{"type":"branch","line":55,"loc":{"start":{"line":55,"column":24},"end":{"line":74,"column":5}},"locations":[{"start":{"line":55,"column":24},"end":{"line":74,"column":5}}]},"9":{"type":"branch","line":69,"loc":{"start":{"line":69,"column":35},"end":{"line":71,"column":7}},"locations":[{"start":{"line":69,"column":35},"end":{"line":71,"column":7}}]},"10":{"type":"branch","line":77,"loc":{"start":{"line":77,"column":2},"end":{"line":94,"column":3}},"locations":[{"start":{"line":77,"column":2},"end":{"line":94,"column":3}}]},"11":{"type":"branch","line":90,"loc":{"start":{"line":90,"column":6},"end":{"line":93,"column":5}},"locations":[{"start":{"line":90,"column":6},"end":{"line":93,"column":5}}]},"12":{"type":"branch","line":81,"loc":{"start":{"line":81,"column":16},"end":{"line":81,"column":54}},"locations":[{"start":{"line":81,"column":16},"end":{"line":81,"column":54}}]},"13":{"type":"branch","line":96,"loc":{"start":{"line":96,"column":7},"end":{"line":111,"column":1}},"locations":[{"start":{"line":96,"column":7},"end":{"line":111,"column":1}}]},"14":{"type":"branch","line":98,"loc":{"start":{"line":98,"column":45},"end":{"line":109,"column":5}},"locations":[{"start":{"line":98,"column":45},"end":{"line":109,"column":5}}]}},"b":{"0":[1],"1":[1],"2":[0],"3":[4],"4":[1],"5":[1],"6":[2],"7":[2],"8":[3],"9":[1],"10":[3],"11":[0],"12":[5],"13":[1],"14":[1]},"fnMap":{"0":{"name":"handleSearchForm","decl":{"start":{"line":3,"column":7},"end":{"line":15,"column":1}},"loc":{"start":{"line":3,"column":7},"end":{"line":15,"column":1}},"line":3},"1":{"name":"showErr","decl":{"start":{"line":17,"column":7},"end":{"line":27,"column":1}},"loc":{"start":{"line":17,"column":7},"end":{"line":27,"column":1}},"line":17},"2":{"name":"loadHistory","decl":{"start":{"line":31,"column":7},"end":{"line":33,"column":1}},"loc":{"start":{"line":31,"column":7},"end":{"line":33,"column":1}},"line":31},"3":{"name":"saveHistory","decl":{"start":{"line":35,"column":7},"end":{"line":37,"column":1}},"loc":{"start":{"line":35,"column":7},"end":{"line":37,"column":1}},"line":35},"4":{"name":"drawWeather","decl":{"start":{"line":39,"column":7},"end":{"line":95,"column":1}},"loc":{"start":{"line":39,"column":7},"end":{"line":95,"column":1}},"line":39},"5":{"name":"renderHistory","decl":{"start":{"line":53,"column":2},"end":{"line":75,"column":3}},"loc":{"start":{"line":53,"column":2},"end":{"line":75,"column":3}},"line":53},"6":{"name":"renderCityWeather","decl":{"start":{"line":77,"column":2},"end":{"line":94,"column":3}},"loc":{"start":{"line":77,"column":2},"end":{"line":94,"column":3}},"line":77},"7":{"name":"getLocation","decl":{"start":{"line":96,"column":7},"end":{"line":111,"column":1}},"loc":{"start":{"line":96,"column":7},"end":{"line":111,"column":1}},"line":96},"8":{"name":"initBurgerMenu","decl":{"start":{"line":113,"column":7},"end":{"line":121,"column":1}},"loc":{"start":{"line":113,"column":7},"end":{"line":121,"column":1}},"line":113}},"f":{"0":1,"1":0,"2":4,"3":1,"4":2,"5":2,"6":3,"7":1,"8":0}}
,"C:\\Users\\1\\OneDrive\\Рабочий стол\\Otus\\КУРС JS BASIC\\8_weather_forecast\\src\\main.js": {"path":"C:\\Users\\1\\OneDrive\\Рабочий стол\\Otus\\КУРС JS BASIC\\8_weather_forecast\\src\\main.js","all":false,"statementMap":{"0":{"start":{"line":1,"column":0},"end":{"line":1,"column":8}},"1":{"start":{"line":2,"column":0},"end":{"line":2,"column":14}},"2":{"start":{"line":3,"column":0},"end":{"line":3,"column":14}},"3":{"start":{"line":4,"column":0},"end":{"line":4,"column":19}},"4":{"start":{"line":5,"column":0},"end":{"line":5,"column":17}},"5":{"start":{"line":6,"column":0},"end":{"line":6,"column":21}},"6":{"start":{"line":7,"column":0},"end":{"line":7,"column":37}},"7":{"start":{"line":8,"column":0},"end":{"line":8,"column":0}},"8":{"start":{"line":9,"column":0},"end":{"line":9,"column":14}},"9":{"start":{"line":10,"column":0},"end":{"line":10,"column":14}},"10":{"start":{"line":11,"column":0},"end":{"line":11,"column":0}},"11":{"start":{"line":12,"column":0},"end":{"line":12,"column":53}},"12":{"start":{"line":13,"column":0},"end":{"line":13,"column":56}},"13":{"start":{"line":14,"column":0},"end":{"line":14,"column":56}},"14":{"start":{"line":15,"column":0},"end":{"line":15,"column":0}},"15":{"start":{"line":16,"column":0},"end":{"line":16,"column":17}},"16":{"start":{"line":17,"column":0},"end":{"line":17,"column":31}},"17":{"start":{"line":18,"column":0},"end":{"line":18,"column":3}},"18":{"start":{"line":19,"column":0},"end":{"line":19,"column":17}},"19":{"start":{"line":20,"column":0},"end":{"line":20,"column":31}},"20":{"start":{"line":21,"column":0},"end":{"line":21,"column":3}},"21":{"start":{"line":22,"column":0},"end":{"line":22,"column":11}},"22":{"start":{"line":23,"column":0},"end":{"line":23,"column":19}},"23":{"start":{"line":24,"column":0},"end":{"line":24,"column":3}},"24":{"start":{"line":25,"column":0},"end":{"line":25,"column":46}}},"s":{"0":1,"1":1,"2":1,"3":1,"4":1,"5":1,"6":1,"7":1,"8":1,"9":1,"10":1,"11":1,"12":1,"13":1,"14":1,"15":1,"16":1,"17":1,"18":1,"19":1,"20":1,"21":1,"22":1,"23":1,"24":1},"branchMap":{"0":{"type":"branch","line":12,"loc":{"start":{"line":12,"column":46},"end":{"line":24,"column":2}},"locations":[{"start":{"line":12,"column":46},"end":{"line":24,"column":2}}]}},"b":{"0":[1]},"fnMap":{},"f":{}}
,"C:\\Users\\1\\OneDrive\\Рабочий стол\\Otus\\КУРС JS BASIC\\8_weather_forecast\\src\\router.js": {"path":"C:\\Users\\1\\OneDrive\\Рабочий стол\\Otus\\КУРС JS BASIC\\8_weather_forecast\\src\\router.js","all":false,"statementMap":{"0":{"start":{"line":1,"column":0},"end":{"line":1,"column":70}},"1":{"start":{"line":2,"column":0},"end":{"line":2,"column":8}},"2":{"start":{"line":3,"column":0},"end":{"line":3,"column":14}},"3":{"start":{"line":4,"column":0},"end":{"line":4,"column":14}},"4":{"start":{"line":5,"column":0},"end":{"line":5,"column":14}},"5":{"start":{"line":6,"column":0},"end":{"line":6,"column":14}},"6":{"start":{"line":7,"column":0},"end":{"line":7,"column":10}},"7":{"start":{"line":8,"column":0},"end":{"line":8,"column":21}},"8":{"start":{"line":9,"column":0},"end":{"line":9,"column":0}},"9":{"start":{"line":10,"column":0},"end":{"line":10,"column":26}},"10":{"start":{"line":11,"column":0},"end":{"line":11,"column":18}},"11":{"start":{"line":12,"column":0},"end":{"line":12,"column":19}},"12":{"start":{"line":13,"column":0},"end":{"line":13,"column":29}},"13":{"start":{"line":14,"column":0},"end":{"line":14,"column":4}},"14":{"start":{"line":15,"column":0},"end":{"line":15,"column":0}},"15":{"start":{"line":16,"column":0},"end":{"line":16,"column":36}},"16":{"start":{"line":17,"column":0},"end":{"line":17,"column":50}},"17":{"start":{"line":18,"column":0},"end":{"line":18,"column":0}},"18":{"start":{"line":19,"column":0},"end":{"line":19,"column":19}},"19":{"start":{"line":20,"column":0},"end":{"line":20,"column":28}},"20":{"start":{"line":21,"column":0},"end":{"line":21,"column":11}},"21":{"start":{"line":22,"column":0},"end":{"line":22,"column":3}},"22":{"start":{"line":23,"column":0},"end":{"line":23,"column":0}},"23":{"start":{"line":24,"column":0},"end":{"line":24,"column":29}},"24":{"start":{"line":25,"column":0},"end":{"line":25,"column":14}},"25":{"start":{"line":26,"column":0},"end":{"line":26,"column":12}},"26":{"start":{"line":27,"column":0},"end":{"line":27,"column":10}},"27":{"start":{"line":28,"column":0},"end":{"line":28,"column":15}},"28":{"start":{"line":29,"column":0},"end":{"line":29,"column":3}},"29":{"start":{"line":30,"column":0},"end":{"line":30,"column":1}},"30":{"start":{"line":31,"column":0},"end":{"line":31,"column":0}},"31":{"start":{"line":32,"column":0},"end":{"line":32,"column":28}},"32":{"start":{"line":33,"column":0},"end":{"line":33,"column":27}},"33":{"start":{"line":34,"column":0},"end":{"line":34,"column":0}},"34":{"start":{"line":35,"column":0},"end":{"line":35,"column":59}},"35":{"start":{"line":36,"column":0},"end":{"line":36,"column":52}},"36":{"start":{"line":37,"column":0},"end":{"line":37,"column":47}},"37":{"start":{"line":38,"column":0},"end":{"line":38,"column":0}},"38":{"start":{"line":39,"column":0},"end":{"line":39,"column":16}},"39":{"start":{"line":40,"column":0},"end":{"line":40,"column":1}},"40":{"start":{"line":41,"column":0},"end":{"line":41,"column":0}},"41":{"start":{"line":42,"column":0},"end":{"line":42,"column":31}},"42":{"start":{"line":43,"column":0},"end":{"line":43,"column":30}},"43":{"start":{"line":44,"column":0},"end":{"line":44,"column":16}},"44":{"start":{"line":45,"column":0},"end":{"line":45,"column":1}},"45":{"start":{"line":46,"column":0},"end":{"line":46,"column":0}},"46":{"start":{"line":47,"column":0},"end":{"line":47,"column":35}},"47":{"start":{"line":48,"column":0},"end":{"line":48,"column":60}},"48":{"start":{"line":49,"column":0},"end":{"line":49,"column":51}},"49":{"start":{"line":50,"column":0},"end":{"line":50,"column":0}},"50":{"start":{"line":51,"column":0},"end":{"line":51,"column":7}},"51":{"start":{"line":52,"column":0},"end":{"line":52,"column":56}},"52":{"start":{"line":53,"column":0},"end":{"line":53,"column":29}},"53":{"start":{"line":54,"column":0},"end":{"line":54,"column":0}},"54":{"start":{"line":55,"column":0},"end":{"line":55,"column":64}},"55":{"start":{"line":56,"column":0},"end":{"line":56,"column":57}},"56":{"start":{"line":57,"column":0},"end":{"line":57,"column":0}},"57":{"start":{"line":58,"column":0},"end":{"line":58,"column":40}},"58":{"start":{"line":59,"column":0},"end":{"line":59,"column":42}},"59":{"start":{"line":60,"column":0},"end":{"line":60,"column":0}},"60":{"start":{"line":61,"column":0},"end":{"line":61,"column":32}},"61":{"start":{"line":62,"column":0},"end":{"line":62,"column":23}},"62":{"start":{"line":63,"column":0},"end":{"line":63,"column":41}},"63":{"start":{"line":64,"column":0},"end":{"line":64,"column":35}},"64":{"start":{"line":65,"column":0},"end":{"line":65,"column":37}},"65":{"start":{"line":66,"column":0},"end":{"line":66,"column":44}},"66":{"start":{"line":67,"column":0},"end":{"line":67,"column":7}},"67":{"start":{"line":68,"column":0},"end":{"line":68,"column":27}},"68":{"start":{"line":69,"column":0},"end":{"line":69,"column":5}},"69":{"start":{"line":70,"column":0},"end":{"line":70,"column":11}},"70":{"start":{"line":71,"column":0},"end":{"line":71,"column":14}},"71":{"start":{"line":72,"column":0},"end":{"line":72,"column":3}},"72":{"start":{"line":73,"column":0},"end":{"line":73,"column":1}},"73":{"start":{"line":74,"column":0},"end":{"line":74,"column":0}},"74":{"start":{"line":75,"column":0},"end":{"line":75,"column":39}},"75":{"start":{"line":76,"column":0},"end":{"line":76,"column":62}},"76":{"start":{"line":77,"column":0},"end":{"line":77,"column":28}},"77":{"start":{"line":78,"column":0},"end":{"line":78,"column":37}},"78":{"start":{"line":79,"column":0},"end":{"line":79,"column":0}},"79":{"start":{"line":80,"column":0},"end":{"line":80,"column":33}},"80":{"start":{"line":81,"column":0},"end":{"line":81,"column":59}},"81":{"start":{"line":82,"column":0},"end":{"line":82,"column":50}},"82":{"start":{"line":83,"column":0},"end":{"line":83,"column":46}},"83":{"start":{"line":84,"column":0},"end":{"line":84,"column":46}},"84":{"start":{"line":85,"column":0},"end":{"line":85,"column":5}},"85":{"start":{"line":86,"column":0},"end":{"line":86,"column":5}},"86":{"start":{"line":87,"column":0},"end":{"line":87,"column":1}}},"s":{"0":1,"1":1,"2":1,"3":1,"4":1,"5":1,"6":1,"7":1,"8":1,"9":1,"10":3,"11":3,"12":3,"13":3,"14":3,"15":3,"16":3,"17":3,"18":3,"19":1,"20":1,"21":1,"22":2,"23":2,"24":2,"25":2,"26":3,"27":0,"28":0,"29":3,"30":1,"31":1,"32":1,"33":1,"34":1,"35":1,"36":1,"37":1,"38":1,"39":1,"40":1,"41":1,"42":1,"43":1,"44":1,"45":1,"46":1,"47":1,"48":1,"49":1,"50":1,"51":1,"52":1,"53":1,"54":1,"55":1,"56":1,"57":1,"58":1,"59":1,"60":1,"61":1,"62":1,"63":1,"64":1,"65":0,"66":0,"67":1,"68":1,"69":1,"70":0,"71":0,"72":1,"73":1,"74":1,"75":3,"76":3,"77":9,"78":9,"79":9,"80":3,"81":3,"82":3,"83":3,"84":3,"85":3,"86":3},"branchMap":{"0":{"type":"branch","line":10,"loc":{"start":{"line":10,"column":7},"end":{"line":30,"column":1}},"locations":[{"start":{"line":10,"column":7},"end":{"line":30,"column":1}}]},"1":{"type":"branch","line":19,"loc":{"start":{"line":19,"column":18},"end":{"line":22,"column":3}},"locations":[{"start":{"line":19,"column":18},"end":{"line":22,"column":3}}]},"2":{"type":"branch","line":22,"loc":{"start":{"line":22,"column":2},"end":{"line":27,"column":3}},"locations":[{"start":{"line":22,"column":2},"end":{"line":27,"column":3}}]},"3":{"type":"branch","line":27,"loc":{"start":{"line":27,"column":3},"end":{"line":29,"column":3}},"locations":[{"start":{"line":27,"column":3},"end":{"line":29,"column":3}}]},"4":{"type":"branch","line":32,"loc":{"start":{"line":32,"column":7},"end":{"line":40,"column":1}},"locations":[{"start":{"line":32,"column":7},"end":{"line":40,"column":1}}]},"5":{"type":"branch","line":42,"loc":{"start":{"line":42,"column":7},"end":{"line":45,"column":1}},"locations":[{"start":{"line":42,"column":7},"end":{"line":45,"column":1}}]},"6":{"type":"branch","line":47,"loc":{"start":{"line":47,"column":0},"end":{"line":73,"column":1}},"locations":[{"start":{"line":47,"column":0},"end":{"line":73,"column":1}}]},"7":{"type":"branch","line":65,"loc":{"start":{"line":65,"column":36},"end":{"line":67,"column":7}},"locations":[{"start":{"line":65,"column":36},"end":{"line":67,"column":7}}]},"8":{"type":"branch","line":70,"loc":{"start":{"line":70,"column":4},"end":{"line":72,"column":3}},"locations":[{"start":{"line":70,"column":4},"end":{"line":72,"column":3}}]},"9":{"type":"branch","line":75,"loc":{"start":{"line":75,"column":7},"end":{"line":87,"column":1}},"locations":[{"start":{"line":75,"column":7},"end":{"line":87,"column":1}}]},"10":{"type":"branch","line":77,"loc":{"start":{"line":77,"column":19},"end":{"line":86,"column":3}},"locations":[{"start":{"line":77,"column":19},"end":{"line":86,"column":3}}]},"11":{"type":"branch","line":80,"loc":{"start":{"line":80,"column":32},"end":{"line":85,"column":5}},"locations":[{"start":{"line":80,"column":32},"end":{"line":85,"column":5}}]}},"b":{"0":[3],"1":[1],"2":[2],"3":[0],"4":[1],"5":[1],"6":[1],"7":[0],"8":[0],"9":[3],"10":[9],"11":[3]},"fnMap":{"0":{"name":"router","decl":{"start":{"line":10,"column":7},"end":{"line":30,"column":1}},"loc":{"start":{"line":10,"column":7},"end":{"line":30,"column":1}},"line":10},"1":{"name":"showHome","decl":{"start":{"line":32,"column":7},"end":{"line":40,"column":1}},"loc":{"start":{"line":32,"column":7},"end":{"line":40,"column":1}},"line":32},"2":{"name":"showHistory","decl":{"start":{"line":42,"column":7},"end":{"line":45,"column":1}},"loc":{"start":{"line":42,"column":7},"end":{"line":45,"column":1}},"line":42},"3":{"name":"showCity","decl":{"start":{"line":47,"column":0},"end":{"line":73,"column":1}},"loc":{"start":{"line":47,"column":0},"end":{"line":73,"column":1}},"line":47},"4":{"name":"showSection","decl":{"start":{"line":75,"column":7},"end":{"line":87,"column":1}},"loc":{"start":{"line":75,"column":7},"end":{"line":87,"column":1}},"line":75}},"f":{"0":3,"1":1,"2":1,"3":1,"4":3}}
,"C:\\Users\\1\\OneDrive\\Рабочий стол\\Otus\\КУРС JS BASIC\\8_weather_forecast\\src\\weather.js": {"path":"C:\\Users\\1\\OneDrive\\Рабочий стол\\Otus\\КУРС JS BASIC\\8_weather_forecast\\src\\weather.js","all":false,"statementMap":{"0":{"start":{"line":1,"column":0},"end":{"line":1,"column":57}},"1":{"start":{"line":2,"column":0},"end":{"line":2,"column":57}},"2":{"start":{"line":3,"column":0},"end":{"line":3,"column":73}},"3":{"start":{"line":4,"column":0},"end":{"line":4,"column":0}},"4":{"start":{"line":5,"column":0},"end":{"line":5,"column":42}},"5":{"start":{"line":6,"column":0},"end":{"line":6,"column":106}},"6":{"start":{"line":7,"column":0},"end":{"line":7,"column":39}},"7":{"start":{"line":8,"column":0},"end":{"line":8,"column":32}},"8":{"start":{"line":9,"column":0},"end":{"line":9,"column":33}},"9":{"start":{"line":10,"column":0},"end":{"line":10,"column":10}},"10":{"start":{"line":11,"column":0},"end":{"line":11,"column":51}},"11":{"start":{"line":12,"column":0},"end":{"line":12,"column":46}},"12":{"start":{"line":13,"column":0},"end":{"line":13,"column":0}},"13":{"start":{"line":14,"column":0},"end":{"line":14,"column":22}},"14":{"start":{"line":15,"column":0},"end":{"line":15,"column":40}},"15":{"start":{"line":16,"column":0},"end":{"line":16,"column":13}},"16":{"start":{"line":17,"column":0},"end":{"line":17,"column":0}},"17":{"start":{"line":18,"column":0},"end":{"line":18,"column":38}},"18":{"start":{"line":19,"column":0},"end":{"line":19,"column":3}},"19":{"start":{"line":20,"column":0},"end":{"line":20,"column":1}},"20":{"start":{"line":21,"column":0},"end":{"line":21,"column":0}},"21":{"start":{"line":22,"column":0},"end":{"line":22,"column":54}},"22":{"start":{"line":23,"column":0},"end":{"line":23,"column":52}},"23":{"start":{"line":24,"column":0},"end":{"line":24,"column":80}},"24":{"start":{"line":25,"column":0},"end":{"line":25,"column":71}},"25":{"start":{"line":26,"column":0},"end":{"line":26,"column":47}},"26":{"start":{"line":27,"column":0},"end":{"line":27,"column":42}},"27":{"start":{"line":28,"column":0},"end":{"line":28,"column":0}},"28":{"start":{"line":29,"column":0},"end":{"line":29,"column":63}},"29":{"start":{"line":30,"column":0},"end":{"line":30,"column":36}},"30":{"start":{"line":31,"column":0},"end":{"line":31,"column":25}},"31":{"start":{"line":32,"column":0},"end":{"line":32,"column":46}},"32":{"start":{"line":33,"column":0},"end":{"line":33,"column":31}},"33":{"start":{"line":34,"column":0},"end":{"line":34,"column":53}},"34":{"start":{"line":35,"column":0},"end":{"line":35,"column":31}},"35":{"start":{"line":36,"column":0},"end":{"line":36,"column":53}},"36":{"start":{"line":37,"column":0},"end":{"line":37,"column":34}},"37":{"start":{"line":38,"column":0},"end":{"line":38,"column":56}},"38":{"start":{"line":39,"column":0},"end":{"line":39,"column":3}},"39":{"start":{"line":40,"column":0},"end":{"line":40,"column":1}},"40":{"start":{"line":41,"column":0},"end":{"line":41,"column":0}},"41":{"start":{"line":42,"column":0},"end":{"line":42,"column":58}},"42":{"start":{"line":43,"column":0},"end":{"line":43,"column":41}},"43":{"start":{"line":44,"column":0},"end":{"line":44,"column":43}},"44":{"start":{"line":45,"column":0},"end":{"line":45,"column":39}},"45":{"start":{"line":46,"column":0},"end":{"line":46,"column":0}},"46":{"start":{"line":47,"column":0},"end":{"line":47,"column":91}},"47":{"start":{"line":48,"column":0},"end":{"line":48,"column":1}}},"s":{"0":1,"1":1,"2":1,"3":1,"4":1,"5":2,"6":2,"7":2,"8":1,"9":1,"10":1,"11":1,"12":1,"13":1,"14":0,"15":1,"16":1,"17":1,"18":1,"19":2,"20":1,"21":1,"22":2,"23":2,"24":2,"25":2,"26":2,"27":2,"28":2,"29":2,"30":2,"31":1,"32":1,"33":1,"34":1,"35":0,"36":0,"37":0,"38":0,"39":2,"40":1,"41":1,"42":1,"43":1,"44":1,"45":1,"46":1,"47":1},"branchMap":{"0":{"type":"branch","line":5,"loc":{"start":{"line":5,"column":7},"end":{"line":20,"column":1}},"locations":[{"start":{"line":5,"column":7},"end":{"line":20,"column":1}}]},"1":{"type":"branch","line":8,"loc":{"start":{"line":8,"column":31},"end":{"line":19,"column":3}},"locations":[{"start":{"line":8,"column":31},"end":{"line":19,"column":3}}]},"2":{"type":"branch","line":12,"loc":{"start":{"line":12,"column":15},"end":{"line":12,"column":46}},"locations":[{"start":{"line":12,"column":15},"end":{"line":12,"column":46}}]},"3":{"type":"branch","line":22,"loc":{"start":{"line":22,"column":7},"end":{"line":40,"column":1}},"locations":[{"start":{"line":22,"column":7},"end":{"line":40,"column":1}}]},"4":{"type":"branch","line":31,"loc":{"start":{"line":31,"column":24},"end":{"line":39,"column":3}},"locations":[{"start":{"line":31,"column":24},"end":{"line":39,"column":3}}]},"5":{"type":"branch","line":35,"loc":{"start":{"line":35,"column":3},"end":{"line":39,"column":3}},"locations":[{"start":{"line":35,"column":3},"end":{"line":39,"column":3}}]},"6":{"type":"branch","line":42,"loc":{"start":{"line":42,"column":7},"end":{"line":48,"column":1}},"locations":[{"start":{"line":42,"column":7},"end":{"line":48,"column":1}}]}},"b":{"0":[2],"1":[1],"2":[0],"3":[2],"4":[1],"5":[0],"6":[1]},"fnMap":{"0":{"name":"checkWeather","decl":{"start":{"line":5,"column":7},"end":{"line":20,"column":1}},"loc":{"start":{"line":5,"column":7},"end":{"line":20,"column":1}},"line":5},"1":{"name":"renderWeather","decl":{"start":{"line":22,"column":7},"end":{"line":40,"column":1}},"loc":{"start":{"line":22,"column":7},"end":{"line":40,"column":1}},"line":22},"2":{"name":"renderMap","decl":{"start":{"line":42,"column":7},"end":{"line":48,"column":1}},"loc":{"start":{"line":42,"column":7},"end":{"line":48,"column":1}},"line":42}},"f":{"0":2,"1":2,"2":1}}
}
