TN:
SF:src\deploy.js
FNF:0
FNH:0
DA:1,1
LF:1
LH:1
BRF:0
BRH:0
end_of_record
TN:
SF:src\events.js
FN:6,handleSearchForm
FN:23,showErr
FN:39,loadHistory
FN:43,saveHistory
FN:47,drawWeather
FN:61,renderHistory
FN:85,renderCityWeather
FN:104,getLocation
FN:121,initBurgerMenu
FNF:9
FNH:8
FNDA:1,handleSearchForm
FNDA:1,showErr
FNDA:4,loadHistory
FNDA:1,saveHistory
FNDA:2,drawWeather
FNDA:2,renderHistory
FNDA:3,renderCityWeather
FNDA:1,getLocation
FNDA:0,initBurgerMenu
DA:1,1
DA:2,1
DA:3,1
DA:4,1
DA:5,1
DA:6,1
DA:7,1
DA:8,1
DA:9,1
DA:10,1
DA:11,1
DA:12,1
DA:13,1
DA:14,1
DA:15,1
DA:16,1
DA:17,1
DA:18,1
DA:19,1
DA:20,1
DA:21,1
DA:22,1
DA:23,1
DA:24,1
DA:25,1
DA:26,0
DA:27,0
DA:28,0
DA:29,0
DA:30,0
DA:31,0
DA:32,0
DA:33,0
DA:34,0
DA:35,0
DA:36,1
DA:37,1
DA:38,1
DA:39,1
DA:40,4
DA:41,4
DA:42,1
DA:43,1
DA:44,1
DA:45,1
DA:46,1
DA:47,1
DA:48,2
DA:49,2
DA:50,2
DA:51,2
DA:52,2
DA:53,2
DA:54,2
DA:55,2
DA:56,2
DA:57,2
DA:58,2
DA:59,2
DA:60,2
DA:61,2
DA:62,2
DA:63,2
DA:64,3
DA:65,3
DA:66,3
DA:67,3
DA:68,0
DA:69,0
DA:70,3
DA:71,3
DA:72,3
DA:73,0
DA:74,0
DA:75,3
DA:76,3
DA:77,3
DA:78,1
DA:79,3
DA:80,3
DA:81,3
DA:82,2
DA:83,2
DA:84,2
DA:85,2
DA:86,3
DA:87,3
DA:88,3
DA:89,3
DA:90,3
DA:91,3
DA:92,3
DA:93,3
DA:94,3
DA:95,3
DA:96,3
DA:97,3
DA:98,3
DA:99,0
DA:100,0
DA:101,0
DA:102,3
DA:103,2
DA:104,1
DA:105,1
DA:106,1
DA:107,1
DA:108,1
DA:109,1
DA:110,1
DA:111,1
DA:112,1
DA:113,1
DA:114,1
DA:115,1
DA:116,1
DA:117,1
DA:118,1
DA:119,1
DA:120,1
DA:121,1
DA:122,0
DA:123,0
DA:124,0
DA:125,0
DA:126,0
DA:127,0
DA:128,0
DA:129,0
LF:129
LH:104
BRDA:6,0,0,1
BRDA:7,1,0,1
BRDA:23,2,0,1
BRDA:25,3,0,0
BRDA:39,4,0,4
BRDA:40,5,0,1
BRDA:43,6,0,1
BRDA:47,7,0,2
BRDA:61,8,0,2
BRDA:63,9,0,3
BRDA:77,10,0,1
BRDA:85,11,0,3
BRDA:98,12,0,0
BRDA:89,13,0,5
BRDA:104,14,0,1
BRDA:106,15,0,1
BRF:16
BRH:14
end_of_record
TN:
SF:src\main.js
FNF:0
FNH:0
DA:1,1
DA:2,1
DA:3,1
DA:4,1
DA:5,1
DA:6,1
DA:7,1
DA:8,1
DA:9,1
DA:10,1
DA:11,1
DA:12,1
DA:13,1
DA:14,1
DA:15,1
DA:16,0
DA:17,0
DA:18,0
DA:19,0
DA:20,0
DA:21,0
DA:22,0
DA:23,1
DA:24,1
DA:25,1
DA:26,1
DA:27,1
DA:28,1
DA:29,1
DA:30,1
DA:31,1
DA:32,1
DA:33,1
DA:34,1
DA:35,1
DA:36,1
DA:37,1
DA:38,1
DA:39,1
LF:39
LH:32
BRDA:10,0,0,1
BRF:1
BRH:1
end_of_record
TN:
SF:src\router.js
FN:11,router
FN:28,showHome
FN:38,showHistory
FN:43,showCity
FN:70,showSection
FNF:5
FNH:5
FNDA:4,router
FNDA:1,showHome
FNDA:1,showHistory
FNDA:2,showCity
FNDA:4,showSection
DA:1,1
DA:2,1
DA:3,1
DA:4,1
DA:5,1
DA:6,1
DA:7,1
DA:8,1
DA:9,1
DA:10,1
DA:11,1
DA:12,4
DA:13,4
DA:14,4
DA:15,1
DA:16,4
DA:17,1
DA:18,2
DA:19,2
DA:20,2
DA:21,2
DA:22,0
DA:23,0
DA:24,4
DA:25,1
DA:26,1
DA:27,1
DA:28,1
DA:29,1
DA:30,1
DA:31,1
DA:32,1
DA:33,1
DA:34,1
DA:35,1
DA:36,1
DA:37,1
DA:38,1
DA:39,1
DA:40,1
DA:41,1
DA:42,1
DA:43,2
DA:44,2
DA:45,2
DA:46,2
DA:47,2
DA:48,2
DA:49,2
DA:50,2
DA:51,2
DA:52,2
DA:53,2
DA:54,2
DA:55,2
DA:56,2
DA:57,2
DA:58,2
DA:59,1
DA:60,1
DA:61,0
DA:62,0
DA:63,1
DA:64,1
DA:65,2
DA:66,1
DA:67,1
DA:68,2
DA:69,1
DA:70,1
DA:71,4
DA:72,4
DA:73,9
DA:74,9
DA:75,9
DA:76,3
DA:77,3
DA:78,3
DA:79,3
DA:80,3
DA:81,4
DA:82,4
LF:82
LH:78
BRDA:11,0,0,4
BRDA:12,1,0,0
BRDA:14,2,0,3
BRDA:14,3,0,1
BRDA:16,4,0,3
BRDA:16,5,0,2
BRDA:16,6,0,1
BRDA:21,7,0,0
BRDA:28,8,0,1
BRDA:38,9,0,1
BRDA:43,10,0,2
BRDA:58,11,0,1
BRDA:60,12,0,0
BRDA:65,13,0,1
BRDA:70,14,0,4
BRDA:72,15,0,9
BRDA:75,16,0,3
BRF:17
BRH:14
end_of_record
TN:
SF:src\weather.js
FN:5,checkWeather
FN:22,renderWeather
FN:42,renderMap
FNF:3
FNH:3
FNDA:2,checkWeather
FNDA:2,renderWeather
FNDA:1,renderMap
DA:1,1
DA:2,1
DA:3,1
DA:4,1
DA:5,1
DA:6,2
DA:7,2
DA:8,2
DA:9,1
DA:10,1
DA:11,1
DA:12,1
DA:13,1
DA:14,1
DA:15,0
DA:16,1
DA:17,1
DA:18,1
DA:19,1
DA:20,2
DA:21,1
DA:22,1
DA:23,2
DA:24,2
DA:25,2
DA:26,2
DA:27,2
DA:28,2
DA:29,2
DA:30,2
DA:31,2
DA:32,1
DA:33,1
DA:34,1
DA:35,1
DA:36,0
DA:37,0
DA:38,0
DA:39,0
DA:40,2
DA:41,1
DA:42,1
DA:43,1
DA:44,1
DA:45,1
DA:46,1
DA:47,1
DA:48,1
LF:48
LH:43
BRDA:5,0,0,2
BRDA:8,1,0,1
BRDA:12,2,0,0
BRDA:22,3,0,2
BRDA:31,4,0,1
BRDA:35,5,0,0
BRDA:42,6,0,1
BRF:7
BRH:5
end_of_record
