TN:
SF:src\events.js
FN:3,attachForm
FN:9,drawWeather
FN:30,addHistory
FN:63,getLocation
FNF:4
FNH:3
FNDA:0,attachForm
FNDA:5,drawWeather
FNDA:3,addHistory
FNDA:1,getLocation
DA:1,1
DA:2,1
DA:3,1
DA:4,0
DA:5,0
DA:6,0
DA:7,0
DA:8,0
DA:9,1
DA:10,5
DA:11,5
DA:12,5
DA:13,5
DA:14,5
DA:15,5
DA:16,5
DA:17,5
DA:18,1
DA:19,1
DA:20,4
DA:21,4
DA:22,4
DA:23,4
DA:24,4
DA:25,4
DA:26,4
DA:27,4
DA:28,4
DA:29,5
DA:30,3
DA:31,3
DA:32,3
DA:33,3
DA:34,3
DA:35,3
DA:36,3
DA:37,3
DA:38,3
DA:39,0
DA:40,0
DA:41,3
DA:42,3
DA:43,3
DA:44,0
DA:45,0
DA:46,3
DA:47,3
DA:48,3
DA:49,0
DA:50,0
DA:51,0
DA:52,3
DA:53,3
DA:54,3
DA:55,1
DA:56,1
DA:57,3
DA:58,3
DA:59,3
DA:60,5
DA:61,5
DA:62,1
DA:63,1
DA:64,1
DA:65,1
DA:66,1
DA:67,1
DA:68,1
DA:69,1
DA:70,1
DA:71,1
DA:72,1
DA:73,1
DA:74,1
DA:75,1
DA:76,1
DA:77,1
LF:77
LH:65
BRDA:9,0,0,5
BRDA:15,1,0,5
BRDA:17,2,0,1
BRDA:19,3,0,4
BRDA:29,4,0,3
BRDA:26,5,0,11
BRDA:30,6,0,3
BRDA:54,7,0,1
BRDA:63,8,0,1
BRDA:65,9,0,1
BRF:10
BRH:10
end_of_record
TN:
SF:src\weather.js
FN:5,checkWeather
FN:22,renderWeather
FN:43,renderMap
FN:48,saveToLocalStorage
FNF:4
FNH:3
FNDA:2,checkWeather
FNDA:1,renderWeather
FNDA:1,renderMap
FNDA:0,saveToLocalStorage
DA:1,1
DA:2,1
DA:3,1
DA:4,1
DA:5,1
DA:6,2
DA:7,2
DA:8,2
DA:9,1
DA:10,1
DA:11,1
DA:12,1
DA:13,1
DA:14,1
DA:15,0
DA:16,1
DA:17,1
DA:18,1
DA:19,1
DA:20,2
DA:21,1
DA:22,1
DA:23,1
DA:24,1
DA:25,1
DA:26,1
DA:27,1
DA:28,1
DA:29,1
DA:30,1
DA:31,1
DA:32,1
DA:33,1
DA:34,1
DA:35,0
DA:36,0
DA:37,0
DA:38,0
DA:39,0
DA:40,0
DA:41,1
DA:42,1
DA:43,1
DA:44,1
DA:45,1
DA:46,1
DA:47,1
DA:48,1
DA:49,0
DA:50,0
LF:50
LH:41
BRDA:5,0,0,2
BRDA:8,1,0,1
BRDA:12,2,0,0
BRDA:22,3,0,1
BRDA:34,4,0,0
BRDA:43,5,0,1
BRF:6
BRH:4
end_of_record
